2023-02-02 09:15:26 - Neovide panicked with the message 'If dragging, there should be a window details recorded'. (File: src/window/mouse_manager.rs; Line: 129, Column: 26)
   0: <unknown>
   1: <unknown>
   2: <unknown>
   3: <unknown>
   4: <unknown>
   5: <unknown>
   6: <unknown>
   7: <unknown>
   8: <unknown>
   9: <unknown>
  10: <unknown>
  11: <unknown>
  12: <unknown>
  13: <unknown>
  14: <unknown>
  15: <unknown>
  16: <unknown>
  17: <unknown>
  18: <unknown>
  19: <unknown>
  20: <unknown>
  21: <unknown>
  22: __libc_start_call_main
             at ./csu/../sysdeps/nptl/libc_start_call_main.h:58:16
  23: __libc_start_main_impl
             at ./csu/../csu/libc-start.c:392:3
  24: <unknown>

